c:\users\p154492\documents\github\libs\charmeleon\electrode\debug\electrode.pch
c:\users\p154492\documents\github\libs\charmeleon\electrode\debug\vc143.pdb
c:\users\p154492\documents\github\libs\charmeleon\electrode\debug\stdafx.obj
c:\users\p154492\documents\github\libs\charmeleon\electrode\debug\electrodecontrol.obj
c:\users\p154492\documents\github\libs\charmeleon\electrode\debug\assemblyinfo.obj
c:\users\p154492\documents\github\libs\charmeleon\electrode\debug\.netframework,version=v4.7.2.assemblyattributes.obj
c:\users\p154492\documents\github\charmeleon2\debug\microsoft.visualbasic.powerpacks.vs.dll
c:\users\p154492\documents\github\charmeleon2\debug\rtdevicedriver.dll
c:\users\p154492\documents\github\charmeleon2\debug\rtdevicedriver.pdb
c:\users\p154492\documents\github\libs\charmeleon\electrode\debug\electrode.tlog\metagen.write.1.tlog
c:\users\p154492\documents\github\libs\charmeleon\electrode\debug\app.res
c:\users\p154492\documents\github\charmeleon2\debug\electrode.dll
c:\users\p154492\documents\github\libs\charmeleon\electrode\debug\electorode.vcxproj.assemblyreference.cache
c:\users\p154492\documents\github\libs\charmeleon\electrode\debug\electorode.vcxproj.generateresource.cache
c:\users\p154492\documents\github\libs\charmeleon\electrode\debug\electrode.electrodecontrol.resources
c:\users\p154492\documents\github\libs\charmeleon\electrode\debug\electrode.tlog\cl.command.1.tlog
c:\users\p154492\documents\github\libs\charmeleon\electrode\debug\electrode.tlog\cl.read.1.tlog
c:\users\p154492\documents\github\libs\charmeleon\electrode\debug\electrode.tlog\cl.write.1.tlog
c:\users\p154492\documents\github\libs\charmeleon\electrode\debug\electrode.tlog\copylocal.read.1u.tlog
c:\users\p154492\documents\github\libs\charmeleon\electrode\debug\electrode.tlog\copylocal.write.1u.tlog
c:\users\p154492\documents\github\libs\charmeleon\electrode\debug\electrode.tlog\link.24212.read.1.tlog
c:\users\p154492\documents\github\libs\charmeleon\electrode\debug\electrode.tlog\link.24212.write.1.tlog
c:\users\p154492\documents\github\libs\charmeleon\electrode\debug\electrode.tlog\link.command.1.tlog
c:\users\p154492\documents\github\libs\charmeleon\electrode\debug\electrode.tlog\link.read.1.tlog
c:\users\p154492\documents\github\libs\charmeleon\electrode\debug\electrode.tlog\link.write.1.tlog
c:\users\p154492\documents\github\libs\charmeleon\electrode\debug\electrode.tlog\metagen.read.1.tlog
c:\users\p154492\documents\github\libs\charmeleon\electrode\debug\electrode.tlog\rc.command.1.tlog
c:\users\p154492\documents\github\libs\charmeleon\electrode\debug\electrode.tlog\rc.read.1.tlog
c:\users\p154492\documents\github\libs\charmeleon\electrode\debug\electrode.tlog\rc.write.1.tlog
c:\users\p154492\documents\github\libs\charmeleon\electrode\debug\electrode.tlog\resgen.command.1.tlog
c:\users\p154492\documents\github\libs\charmeleon\electrode\debug\electrode.tlog\resgen.read.1.tlog
c:\users\p154492\documents\github\libs\charmeleon\electrode\debug\electrode.tlog\resgen.write.1.tlog
c:\users\p154492\documents\github\libs\charmeleon\electrode\debug\electrode.tlog\microsoft.visualbasic.powerpacks.vs.dll.metagen
