c:\users\p154492\documents\github\libs\charmeleon\electrode\x64\release\electrode.pch
c:\users\p154492\documents\github\libs\charmeleon\electrode\x64\release\vc143.pdb
c:\users\p154492\documents\github\libs\charmeleon\electrode\x64\release\stdafx.obj
c:\users\p154492\documents\github\libs\charmeleon\electrode\x64\release\electrodecontrol.obj
c:\users\p154492\documents\github\libs\charmeleon\electrode\x64\release\assemblyinfo.obj
c:\users\p154492\documents\github\libs\charmeleon\electrode\x64\release\.netframework,version=v4.7.2.assemblyattributes.obj
c:\users\p154492\documents\github\charmeleon2\x64\release\microsoft.visualbasic.powerpacks.vs.dll
c:\users\p154492\documents\github\charmeleon2\x64\release\rtdevicedriver.dll
c:\users\p154492\documents\github\charmeleon2\x64\release\rtdevicedriver.pdb
c:\users\p154492\documents\github\charmeleon2\x64\release\electrode.dll
c:\users\p154492\documents\github\charmeleon2\x64\release\electrode.pdb
c:\users\p154492\documents\github\libs\charmeleon\electrode\x64\release\electrode.tlog\metagen.write.1.tlog
c:\users\p154492\documents\github\libs\charmeleon\electrode\x64\release\app.res
c:\users\p154492\documents\github\libs\charmeleon\electrode\x64\release\electrode.tlog\cl.command.1.tlog
c:\users\p154492\documents\github\libs\charmeleon\electrode\x64\release\electrode.tlog\cl.items.tlog
c:\users\p154492\documents\github\libs\charmeleon\electrode\x64\release\electrode.tlog\cl.read.1.tlog
c:\users\p154492\documents\github\libs\charmeleon\electrode\x64\release\electrode.tlog\cl.write.1.tlog
c:\users\p154492\documents\github\libs\charmeleon\electrode\x64\release\electrode.tlog\copylocal.read.1u.tlog
c:\users\p154492\documents\github\libs\charmeleon\electrode\x64\release\electrode.tlog\copylocal.write.1u.tlog
c:\users\p154492\documents\github\libs\charmeleon\electrode\x64\release\electrode.tlog\link.command.1.tlog
c:\users\p154492\documents\github\libs\charmeleon\electrode\x64\release\electrode.tlog\link.read.1.tlog
c:\users\p154492\documents\github\libs\charmeleon\electrode\x64\release\electrode.tlog\link.write.1.tlog
c:\users\p154492\documents\github\libs\charmeleon\electrode\x64\release\electrode.tlog\metagen.read.1.tlog
c:\users\p154492\documents\github\libs\charmeleon\electrode\x64\release\electrode.tlog\rc.command.1.tlog
c:\users\p154492\documents\github\libs\charmeleon\electrode\x64\release\electrode.tlog\rc.read.1.tlog
c:\users\p154492\documents\github\libs\charmeleon\electrode\x64\release\electrode.tlog\rc.write.1.tlog
c:\users\p154492\documents\github\libs\charmeleon\electrode\x64\release\electrode.tlog\resgen.command.1.tlog
c:\users\p154492\documents\github\libs\charmeleon\electrode\x64\release\electrode.tlog\resgen.read.1.tlog
c:\users\p154492\documents\github\libs\charmeleon\electrode\x64\release\electrode.tlog\resgen.write.1.tlog
c:\users\p154492\documents\github\libs\charmeleon\electrode\x64\release\electrode.tlog\microsoft.visualbasic.powerpacks.vs.dll.metagen
