c:\users\p154492\documents\github\libs\charmeleon\rtdevicedriver\release\rtdevicedriver.pch
c:\users\p154492\documents\github\libs\charmeleon\rtdevicedriver\release\vc143.pdb
c:\users\p154492\documents\github\libs\charmeleon\rtdevicedriver\release\stdafx.obj
c:\users\p154492\documents\github\libs\charmeleon\rtdevicedriver\release\.netframework,version=v4.7.2.assemblyattributes.obj
c:\users\p154492\documents\github\libs\charmeleon\rtdevicedriver\release\rtdevicedriver.obj
c:\users\p154492\documents\github\libs\charmeleon\rtdevicedriver\release\rtdevice.obj
c:\users\p154492\documents\github\libs\charmeleon\rtdevicedriver\release\feature.obj
c:\users\p154492\documents\github\libs\charmeleon\rtdevicedriver\release\assemblyinfo.obj
c:\users\p154492\documents\github\charmeleon2\release\rtdevicedriver.dll
c:\users\p154492\documents\github\charmeleon2\release\rtdevicedriver.pdb
c:\users\p154492\documents\github\libs\charmeleon\rtdevicedriver\release\app.res
c:\users\p154492\documents\github\libs\charmeleon\rtdevicedriver\release\rtdevicedriver.tlog\cl.command.1.tlog
c:\users\p154492\documents\github\libs\charmeleon\rtdevicedriver\release\rtdevicedriver.tlog\cl.items.tlog
c:\users\p154492\documents\github\libs\charmeleon\rtdevicedriver\release\rtdevicedriver.tlog\cl.read.1.tlog
c:\users\p154492\documents\github\libs\charmeleon\rtdevicedriver\release\rtdevicedriver.tlog\cl.write.1.tlog
c:\users\p154492\documents\github\libs\charmeleon\rtdevicedriver\release\rtdevicedriver.tlog\link.command.1.tlog
c:\users\p154492\documents\github\libs\charmeleon\rtdevicedriver\release\rtdevicedriver.tlog\link.read.1.tlog
c:\users\p154492\documents\github\libs\charmeleon\rtdevicedriver\release\rtdevicedriver.tlog\link.write.1.tlog
c:\users\p154492\documents\github\libs\charmeleon\rtdevicedriver\release\rtdevicedriver.tlog\metagen.read.1.tlog
c:\users\p154492\documents\github\libs\charmeleon\rtdevicedriver\release\rtdevicedriver.tlog\metagen.write.1.tlog
c:\users\p154492\documents\github\libs\charmeleon\rtdevicedriver\release\rtdevicedriver.tlog\rc.command.1.tlog
c:\users\p154492\documents\github\libs\charmeleon\rtdevicedriver\release\rtdevicedriver.tlog\rc.read.1.tlog
c:\users\p154492\documents\github\libs\charmeleon\rtdevicedriver\release\rtdevicedriver.tlog\rc.write.1.tlog
